Praktikum-11/app/build/intermediates/manifest_merge_blame_file/debug/manifest-merger-blame-debug-report.txt
1<?xml version="1.0" encoding="utf-8"?>
2<manifest xmlns:android="http://schemas.android.com/apk/res/android"
3    package="com.panji_18104042.praktikum11"
4    android:versionCode="1"
5    android:versionName="1.0" >
6
7    <uses-sdk
8        android:minSdkVersion="21"
8-->src\main\AndroidManifest.xml
9        android:targetSdkVersion="30" />
9-->src\main\AndroidManifest.xml
10
11    <uses-permission android:name="android.permission.INTERNET" />
11-->[com.google.firebase:firebase-auth:20.0.1] AndroidManifest.xml:23:5-67
11-->[com.google.firebase:firebase-auth:20.0.1] AndroidManifest.xml:23:22-64
12    <uses-permission android:name="android.permission.ACCESS_NETWORK_STATE" />
12-->[com.google.firebase:firebase-auth:20.0.1] AndroidManifest.xml:24:5-79
12-->[com.google.firebase:firebase-auth:20.0.1] AndroidManifest.xml:24:22-76
13
14    <application
14-->src\main\AndroidManifest.xml:5:5-25:19
15        android:allowBackup="true"
15-->src\main\AndroidManifest.xml:6:9-35
16        android:appComponentFactory="androidx.core.app.CoreComponentFactory"
16-->[androidx.core:core:1.3.2] AndroidManifest.xml:24:18-86
17        android:debuggable="true"
18        android:icon="@mipmap/ic_launcher"
18-->src\main\AndroidManifest.xml:7:9-43
19        android:label="@string/app_name"
19-->src\main\AndroidManifest.xml:8:9-41
20        android:roundIcon="@mipmap/ic_launcher_round"
20-->src\main\AndroidManifest.xml:9:9-54
21        android:supportsRtl="true"
21-->src\main\AndroidManifest.xml:10:9-35
22        android:testOnly="true"
23        android:theme="@style/Theme.Praktikum11" >
23-->src\main\AndroidManifest.xml:11:9-49
24        <activity android:name="com.panji_18104042.praktikum11.PhoneAuthActivity" />
24-->src\main\AndroidManifest.xml:12:9-64
24-->src\main\AndroidManifest.xml:12:19-52
25        <activity android:name="com.panji_18104042.praktikum11.item_quote" />
25-->src\main\AndroidManifest.xml:13:9-48
25-->src\main\AndroidManifest.xml:13:19-45
26        <activity android:name="com.panji_18104042.praktikum11.QuoteAddUpdateActivity" />
26-->src\main\AndroidManifest.xml:14:9-60
26-->src\main\AndroidManifest.xml:14:19-57
27        <activity android:name="com.panji_18104042.praktikum11.DashboardQuoteActivity" />
27-->src\main\AndroidManifest.xml:15:9-60
27-->src\main\AndroidManifest.xml:15:19-57
28        <activity android:name="com.panji_18104042.praktikum11.SignUpActivity" />
28-->src\main\AndroidManifest.xml:16:9-52
28-->src\main\AndroidManifest.xml:16:19-49
29        <activity android:name="com.panji_18104042.praktikum11.SignInActivity" />
29-->src\main\AndroidManifest.xml:17:9-52
29-->src\main\AndroidManifest.xml:17:19-49
30        <activity android:name="com.panji_18104042.praktikum11.MainActivity" >
30-->src\main\AndroidManifest.xml:18:9-24:20
30-->src\main\AndroidManifest.xml:18:19-47
31            <intent-filter>
31-->src\main\AndroidManifest.xml:19:13-23:29
32                <action android:name="android.intent.action.MAIN" />
32-->src\main\AndroidManifest.xml:20:17-69
32-->src\main\AndroidManifest.xml:20:25-66
33
34                <category android:name="android.intent.category.LAUNCHER" />
34-->src\main\AndroidManifest.xml:22:17-77
34-->src\main\AndroidManifest.xml:22:27-74
35            </intent-filter>
36        </activity>
37
38        <service
38-->[com.google.firebase:firebase-firestore-ktx:22.0.1] AndroidManifest.xml:12:9-18:19
39            android:name="com.google.firebase.components.ComponentDiscoveryService"
39-->[com.google.firebase:firebase-firestore-ktx:22.0.1] AndroidManifest.xml:13:13-84
40            android:directBootAware="true"
40-->[com.google.firebase:firebase-common:19.5.0] AndroidManifest.xml:35:13-43
41            android:exported="false" >
41-->[com.google.firebase:firebase-firestore-ktx:22.0.1] AndroidManifest.xml:14:13-37
42            <meta-data
42-->[com.google.firebase:firebase-firestore-ktx:22.0.1] AndroidManifest.xml:15:13-17:85
43                android:name="com.google.firebase.components:com.google.firebase.firestore.ktx.FirebaseFirestoreKtxRegistrar"
43-->[com.google.firebase:firebase-firestore-ktx:22.0.1] AndroidManifest.xml:16:17-126
44                android:value="com.google.firebase.components.ComponentRegistrar" />
44-->[com.google.firebase:firebase-firestore-ktx:22.0.1] AndroidManifest.xml:17:17-82
45            <meta-data
45-->[com.google.firebase:firebase-auth-ktx:20.0.1] AndroidManifest.xml:11:13-13:85
46                android:name="com.google.firebase.components:com.google.firebase.auth.ktx.FirebaseAuthKtxRegistrar"
46-->[com.google.firebase:firebase-auth-ktx:20.0.1] AndroidManifest.xml:12:17-116
47                android:value="com.google.firebase.components.ComponentRegistrar" />
47-->[com.google.firebase:firebase-auth-ktx:20.0.1] AndroidManifest.xml:13:17-82
48            <meta-data
48-->[com.google.firebase:firebase-common-ktx:19.5.0] AndroidManifest.xml:15:13-17:85
49                android:name="com.google.firebase.components:com.google.firebase.ktx.FirebaseCommonKtxRegistrar"
49-->[com.google.firebase:firebase-common-ktx:19.5.0] AndroidManifest.xml:16:17-113
50                android:value="com.google.firebase.components.ComponentRegistrar" />
50-->[com.google.firebase:firebase-common-ktx:19.5.0] AndroidManifest.xml:17:17-82
51            <meta-data
51-->[com.google.firebase:firebase-auth:20.0.1] AndroidManifest.xml:77:13-79:85
52                android:name="com.google.firebase.components:com.google.firebase.auth.FirebaseAuthRegistrar"
52-->[com.google.firebase:firebase-auth:20.0.1] AndroidManifest.xml:78:17-109
53                android:value="com.google.firebase.components.ComponentRegistrar" />
53-->[com.google.firebase:firebase-auth:20.0.1] AndroidManifest.xml:79:17-82
54            <meta-data
54-->[com.google.firebase:firebase-firestore:22.0.1] AndroidManifest.xml:20:13-22:85
55                android:name="com.google.firebase.components:com.google.firebase.firestore.FirestoreRegistrar"
55-->[com.google.firebase:firebase-firestore:22.0.1] AndroidManifest.xml:21:17-111
56                android:value="com.google.firebase.components.ComponentRegistrar" />
56-->[com.google.firebase:firebase-firestore:22.0.1] AndroidManifest.xml:22:17-82
57            <!--
58                This registrar is not defined in the dynamic-module-support sdk itself to allow non-firebase
59                clients to use it as well, by defining this registrar in their own core/common library.
60            -->
61            <meta-data
61-->[com.google.firebase:firebase-common:19.5.0] AndroidManifest.xml:43:13-45:85
62                android:name="com.google.firebase.components:com.google.firebase.dynamicloading.DynamicLoadingRegistrar"
62-->[com.google.firebase:firebase-common:19.5.0] AndroidManifest.xml:44:17-121
63                android:value="com.google.firebase.components.ComponentRegistrar" />
63-->[com.google.firebase:firebase-common:19.5.0] AndroidManifest.xml:45:17-82
64        </service>
65
66        <activity
66-->[com.google.firebase:firebase-auth:20.0.1] AndroidManifest.xml:27:9-44:20
67            android:name="com.google.firebase.auth.internal.GenericIdpActivity"
67-->[com.google.firebase:firebase-auth:20.0.1] AndroidManifest.xml:28:13-80
68            android:excludeFromRecents="true"
68-->[com.google.firebase:firebase-auth:20.0.1] AndroidManifest.xml:29:13-46
69            android:exported="true"
69-->[com.google.firebase:firebase-auth:20.0.1] AndroidManifest.xml:30:13-36
70            android:launchMode="singleTask"
70-->[com.google.firebase:firebase-auth:20.0.1] AndroidManifest.xml:31:13-44
71            android:theme="@android:style/Theme.Translucent.NoTitleBar" >
71-->[com.google.firebase:firebase-auth:20.0.1] AndroidManifest.xml:32:13-72
72            <intent-filter>
72-->[com.google.firebase:firebase-auth:20.0.1] AndroidManifest.xml:33:13-43:29
73                <action android:name="android.intent.action.VIEW" />
73-->[com.google.firebase:firebase-auth:20.0.1] AndroidManifest.xml:34:17-69
73-->[com.google.firebase:firebase-auth:20.0.1] AndroidManifest.xml:34:25-66
74
75                <category android:name="android.intent.category.DEFAULT" />
75-->[com.google.firebase:firebase-auth:20.0.1] AndroidManifest.xml:36:17-76
75-->[com.google.firebase:firebase-auth:20.0.1] AndroidManifest.xml:36:27-73
76                <category android:name="android.intent.category.BROWSABLE" />
76-->[com.google.firebase:firebase-auth:20.0.1] AndroidManifest.xml:37:17-78
76-->[com.google.firebase:firebase-auth:20.0.1] AndroidManifest.xml:37:27-75
77
78                <data
78-->[com.google.firebase:firebase-auth:20.0.1] AndroidManifest.xml:39:17-42:51
79                    android:host="firebase.auth"
79-->[com.google.firebase:firebase-auth:20.0.1] AndroidManifest.xml:40:21-49
80                    android:path="/"
80-->[com.google.firebase:firebase-auth:20.0.1] AndroidManifest.xml:41:21-37
81                    android:scheme="genericidp" />
81-->[com.google.firebase:firebase-auth:20.0.1] AndroidManifest.xml:42:21-48
82            </intent-filter>
83        </activity>
84        <activity
84-->[com.google.firebase:firebase-auth:20.0.1] AndroidManifest.xml:45:9-62:20
85            android:name="com.google.firebase.auth.internal.RecaptchaActivity"
85-->[com.google.firebase:firebase-auth:20.0.1] AndroidManifest.xml:46:13-79
86            android:excludeFromRecents="true"
86-->[com.google.firebase:firebase-auth:20.0.1] AndroidManifest.xml:47:13-46
87            android:exported="true"
87-->[com.google.firebase:firebase-auth:20.0.1] AndroidManifest.xml:48:13-36
88            android:launchMode="singleTask"
88-->[com.google.firebase:firebase-auth:20.0.1] AndroidManifest.xml:49:13-44
89            android:theme="@android:style/Theme.Translucent.NoTitleBar" >
89-->[com.google.firebase:firebase-auth:20.0.1] AndroidManifest.xml:50:13-72
90            <intent-filter>
90-->[com.google.firebase:firebase-auth:20.0.1] AndroidManifest.xml:51:13-61:29
91                <action android:name="android.intent.action.VIEW" />
91-->[com.google.firebase:firebase-auth:20.0.1] AndroidManifest.xml:34:17-69
91-->[com.google.firebase:firebase-auth:20.0.1] AndroidManifest.xml:34:25-66
92
93                <category android:name="android.intent.category.DEFAULT" />
93-->[com.google.firebase:firebase-auth:20.0.1] AndroidManifest.xml:36:17-76
93-->[com.google.firebase:firebase-auth:20.0.1] AndroidManifest.xml:36:27-73
94                <category android:name="android.intent.category.BROWSABLE" />
94-->[com.google.firebase:firebase-auth:20.0.1] AndroidManifest.xml:37:17-78
94-->[com.google.firebase:firebase-auth:20.0.1] AndroidManifest.xml:37:27-75
95
96                <data
96-->[com.google.firebase:firebase-auth:20.0.1] AndroidManifest.xml:39:17-42:51
97                    android:host="firebase.auth"
97-->[com.google.firebase:firebase-auth:20.0.1] AndroidManifest.xml:40:21-49
98                    android:path="/"
98-->[com.google.firebase:firebase-auth:20.0.1] AndroidManifest.xml:41:21-37
99                    android:scheme="recaptcha" />
99-->[com.google.firebase:firebase-auth:20.0.1] AndroidManifest.xml:42:21-48
100            </intent-filter>
101        </activity>
102
103        <service
103-->[com.google.firebase:firebase-auth:20.0.1] AndroidManifest.xml:64:9-73:19
104            android:name="com.google.firebase.auth.api.fallback.service.FirebaseAuthFallbackService"
104-->[com.google.firebase:firebase-auth:20.0.1] AndroidManifest.xml:65:13-101
105            android:enabled="true"
105-->[com.google.firebase:firebase-auth:20.0.1] AndroidManifest.xml:66:13-35
106            android:exported="false" >
106-->[com.google.firebase:firebase-auth:20.0.1] AndroidManifest.xml:67:13-37
107            <intent-filter>
107-->[com.google.firebase:firebase-auth:20.0.1] AndroidManifest.xml:68:13-72:29
108                <action android:name="com.google.firebase.auth.api.gms.service.START" />
108-->[com.google.firebase:firebase-auth:20.0.1] AndroidManifest.xml:69:17-89
108-->[com.google.firebase:firebase-auth:20.0.1] AndroidManifest.xml:69:25-86
109
110                <category android:name="android.intent.category.DEFAULT" />
110-->[com.google.firebase:firebase-auth:20.0.1] AndroidManifest.xml:36:17-76
110-->[com.google.firebase:firebase-auth:20.0.1] AndroidManifest.xml:36:27-73
111            </intent-filter>
112        </service>
113
114        <activity
114-->[com.google.android.gms:play-services-auth:19.0.0] AndroidManifest.xml:23:9-27:75
115            android:name="com.google.android.gms.auth.api.signin.internal.SignInHubActivity"
115-->[com.google.android.gms:play-services-auth:19.0.0] AndroidManifest.xml:24:13-93
116            android:excludeFromRecents="true"
116-->[com.google.android.gms:play-services-auth:19.0.0] AndroidManifest.xml:25:13-46
117            android:exported="false"
117-->[com.google.android.gms:play-services-auth:19.0.0] AndroidManifest.xml:26:13-37
118            android:theme="@android:style/Theme.Translucent.NoTitleBar" />
118-->[com.google.android.gms:play-services-auth:19.0.0] AndroidManifest.xml:27:13-72
119        <!--
120            Service handling Google Sign-In user revocation. For apps that do not integrate with
121            Google Sign-In, this service will never be started.
122        -->
123        <service
123-->[com.google.android.gms:play-services-auth:19.0.0] AndroidManifest.xml:33:9-37:51
124            android:name="com.google.android.gms.auth.api.signin.RevocationBoundService"
124-->[com.google.android.gms:play-services-auth:19.0.0] AndroidManifest.xml:34:13-89
125            android:exported="true"
125-->[com.google.android.gms:play-services-auth:19.0.0] AndroidManifest.xml:35:13-36
126            android:permission="com.google.android.gms.auth.api.signin.permission.REVOCATION_NOTIFICATION"
126-->[com.google.android.gms:play-services-auth:19.0.0] AndroidManifest.xml:36:13-107
127            android:visibleToInstantApps="true" />
127-->[com.google.android.gms:play-services-auth:19.0.0] AndroidManifest.xml:37:13-48
128
129        <provider
129-->[com.google.firebase:firebase-common:19.5.0] AndroidManifest.xml:26:9-31:39
130            android:name="com.google.firebase.provider.FirebaseInitProvider"
130-->[com.google.firebase:firebase-common:19.5.0] AndroidManifest.xml:27:13-77
131            android:authorities="com.panji_18104042.praktikum11.firebaseinitprovider"
131-->[com.google.firebase:firebase-common:19.5.0] AndroidManifest.xml:28:13-72
132            android:directBootAware="true"
132-->[com.google.firebase:firebase-common:19.5.0] AndroidManifest.xml:29:13-43
133            android:exported="false"
133-->[com.google.firebase:firebase-common:19.5.0] AndroidManifest.xml:30:13-37
134            android:initOrder="100" />
134-->[com.google.firebase:firebase-common:19.5.0] AndroidManifest.xml:31:13-36
135
136        <activity
136-->[com.google.android.gms:play-services-base:17.1.0] AndroidManifest.xml:23:9-26:75
137            android:name="com.google.android.gms.common.api.GoogleApiActivity"
137-->[com.google.android.gms:play-services-base:17.1.0] AndroidManifest.xml:24:13-79
138            android:exported="false"
138-->[com.google.android.gms:play-services-base:17.1.0] AndroidManifest.xml:25:13-37
139            android:theme="@android:style/Theme.Translucent.NoTitleBar" />
139-->[com.google.android.gms:play-services-base:17.1.0] AndroidManifest.xml:26:13-72
140
141        <meta-data
141-->[com.google.android.gms:play-services-basement:17.1.1] AndroidManifest.xml:23:9-25:69
142            android:name="com.google.android.gms.version"
142-->[com.google.android.gms:play-services-basement:17.1.1] AndroidManifest.xml:24:13-58
143            android:value="@integer/google_play_services_version" />
143-->[com.google.android.gms:play-services-basement:17.1.1] AndroidManifest.xml:25:13-66
144    </application>
145
146</manifest>